Using pre-set license
Built from '2022.3/staging' branch; Version is '2022.3.17f1 (4fc78088f837) revision 5228416'; Using compiler version '192829333'; Build Type 'Release'
OS: 'Windows 11  (10.0.22631) 64bit Core' Language: 'en' Physical Memory: 12033 MB
BatchMode: 1, IsHumanControllingUs: 0, StartBugReporterOnCrash: 0, Is64bit: 1, IsPro: 1

COMMAND LINE ARGUMENTS:
C:\Program Files\Unity\Hub\Editor\2022.3.17f1\Editor\Unity.exe
-adb2
-batchMode
-noUpm
-name
AssetImportWorker5
-projectPath
C:/Users/Jz111/OneDrive/Desktop/VeryGaryLate
-logFile
Logs/AssetImportWorker5.log
-srvPort
51890
Successfully changed project path to: C:/Users/Jz111/OneDrive/Desktop/VeryGaryLate
C:/Users/Jz111/OneDrive/Desktop/VeryGaryLate
[UnityMemory] Configuration Parameters - Can be set up in boot.config
    "memorysetup-bucket-allocator-granularity=16"
    "memorysetup-bucket-allocator-bucket-count=8"
    "memorysetup-bucket-allocator-block-size=33554432"
    "memorysetup-bucket-allocator-block-count=8"
    "memorysetup-main-allocator-block-size=16777216"
    "memorysetup-thread-allocator-block-size=16777216"
    "memorysetup-gfx-main-allocator-block-size=16777216"
    "memorysetup-gfx-thread-allocator-block-size=16777216"
    "memorysetup-cache-allocator-block-size=4194304"
    "memorysetup-typetree-allocator-block-size=2097152"
    "memorysetup-profiler-bucket-allocator-granularity=16"
    "memorysetup-profiler-bucket-allocator-bucket-count=8"
    "memorysetup-profiler-bucket-allocator-block-size=33554432"
    "memorysetup-profiler-bucket-allocator-block-count=8"
    "memorysetup-profiler-allocator-block-size=16777216"
    "memorysetup-profiler-editor-allocator-block-size=1048576"
    "memorysetup-temp-allocator-size-main=16777216"
    "memorysetup-job-temp-allocator-block-size=2097152"
    "memorysetup-job-temp-allocator-block-size-background=1048576"
    "memorysetup-job-temp-allocator-reduction-small-platforms=262144"
    "memorysetup-allocator-temp-initial-block-size-main=262144"
    "memorysetup-allocator-temp-initial-block-size-worker=262144"
    "memorysetup-temp-allocator-size-background-worker=32768"
    "memorysetup-temp-allocator-size-job-worker=262144"
    "memorysetup-temp-allocator-size-preload-manager=33554432"
    "memorysetup-temp-allocator-size-nav-mesh-worker=65536"
    "memorysetup-temp-allocator-size-audio-worker=65536"
    "memorysetup-temp-allocator-size-cloud-worker=32768"
    "memorysetup-temp-allocator-size-gi-baking-worker=262144"
    "memorysetup-temp-allocator-size-gfx=262144"
Player connection [4680] Host "[IP] 164.76.10.7 [Port] 0 [Flags] 2 [Guid] 3214648876 [EditorId] 3214648876 [Version] 1048832 [Id] WindowsEditor(7,Envy) [Debug] 1 [PackageName] WindowsEditor [ProjectName] Editor" joined multi-casting on [225.0.0.222:54997]...

Player connection [4680] Host "[IP] 164.76.10.7 [Port] 0 [Flags] 2 [Guid] 3214648876 [EditorId] 3214648876 [Version] 1048832 [Id] WindowsEditor(7,Envy) [Debug] 1 [PackageName] WindowsEditor [ProjectName] Editor" joined alternative multi-casting on [225.0.0.222:34997]...

[Physics::Module] Initialized MultithreadedJobDispatcher with 7 workers.
Refreshing native plugins compatible for Editor in 11.33 ms, found 3 plugins.
Preloading 0 native plugins for Editor in 0.00 ms.
Initialize engine version: 2022.3.17f1 (4fc78088f837)
[Subsystems] Discovering subsystems at path C:/Program Files/Unity/Hub/Editor/2022.3.17f1/Editor/Data/Resources/UnitySubsystems
[Subsystems] Discovering subsystems at path C:/Users/Jz111/OneDrive/Desktop/VeryGaryLate/Assets
GfxDevice: creating device client; threaded=0; jobified=0
Direct3D:
    Version:  Direct3D 11.0 [level 11.1]
    Renderer: Intel(R) Iris(R) Xe Graphics (ID=0x9a49)
    Vendor:   Intel
    VRAM:     6016 MB
    Driver:   30.0.101.1191
Initialize mono
Mono path[0] = 'C:/Program Files/Unity/Hub/Editor/2022.3.17f1/Editor/Data/Managed'
Mono path[1] = 'C:/Program Files/Unity/Hub/Editor/2022.3.17f1/Editor/Data/MonoBleedingEdge/lib/mono/unityjit-win32'
Mono config path = 'C:/Program Files/Unity/Hub/Editor/2022.3.17f1/Editor/Data/MonoBleedingEdge/etc'
Using monoOptions --debugger-agent=transport=dt_socket,embedding=1,server=y,suspend=n,address=127.0.0.1:56012
Begin MonoManager ReloadAssembly
Registering precompiled unity dll's ...
Register platform support module: C:/Program Files/Unity/Hub/Editor/2022.3.17f1/Editor/Data/PlaybackEngines/WindowsStandaloneSupport/UnityEditor.WindowsStandalone.Extensions.dll
Register platform support module: C:/Program Files/Unity/Hub/Editor/2022.3.17f1/Editor/Data/PlaybackEngines/MetroSupport/UnityEditor.UWP.Extensions.dll
Registered in 0.007161 seconds.
- Loaded All Assemblies, in  0.841 seconds
Native extension for UWP target not found
Native extension for WindowsStandalone target not found
Mono: successfully reloaded assembly
- Finished resetting the current domain, in  0.415 seconds
Domain Reload Profiling: 1255ms
	BeginReloadAssembly (308ms)
		ExecutionOrderSort (0ms)
		DisableScriptedObjects (0ms)
		BackupInstance (0ms)
		ReleaseScriptingObjects (0ms)
		CreateAndSetChildDomain (1ms)
	RebuildCommonClasses (81ms)
	RebuildNativeTypeToScriptingClass (18ms)
	initialDomainReloadingComplete (93ms)
	LoadAllAssembliesAndSetupDomain (340ms)
		LoadAssemblies (308ms)
		RebuildTransferFunctionScriptingTraits (0ms)
		AnalyzeDomain (333ms)
			TypeCache.Refresh (330ms)
				TypeCache.ScanAssembly (282ms)
			ScanForSourceGeneratedMonoScriptInfo (1ms)
			ResolveRequiredComponents (2ms)
	FinalizeReload (416ms)
		ReleaseScriptCaches (0ms)
		RebuildScriptCaches (0ms)
		SetupLoadedEditorAssemblies (323ms)
			LogAssemblyErrors (0ms)
			InitializePlatformSupportModulesInManaged (15ms)
			SetLoadedEditorAssemblies (9ms)
			RefreshPlugins (0ms)
			BeforeProcessingInitializeOnLoad (7ms)
			ProcessInitializeOnLoadAttributes (213ms)
			ProcessInitializeOnLoadMethodAttributes (80ms)
			AfterProcessingInitializeOnLoad (0ms)
			EditorAssembliesLoaded (0ms)
		ExecutionOrderSort2 (0ms)
		AwakeInstancesAfterBackupRestoration (0ms)
========================================================================
Worker process is ready to serve import requests
Begin MonoManager ReloadAssembly
- Loaded All Assemblies, in  0.941 seconds
Refreshing native plugins compatible for Editor in 5.26 ms, found 3 plugins.
Native extension for UWP target not found
Native extension for WindowsStandalone target not found
Package Manager log level set to [2]
[Package Manager] Server::EnsureServerProcessIsRunning -- launch failed, reason: Unity was launched with the -noUpm command-line argument
[Package Manager] UpmClient::Send -- Unable to send message (not connected to UPM process).
[Package Manager] Cannot connect to Unity Package Manager local server
Mono: successfully reloaded assembly
- Finished resetting the current domain, in  1.407 seconds
Domain Reload Profiling: 2349ms
	BeginReloadAssembly (236ms)
		ExecutionOrderSort (0ms)
		DisableScriptedObjects (7ms)
		BackupInstance (0ms)
		ReleaseScriptingObjects (0ms)
		CreateAndSetChildDomain (47ms)
	RebuildCommonClasses (41ms)
	RebuildNativeTypeToScriptingClass (12ms)
	initialDomainReloadingComplete (46ms)
	LoadAllAssembliesAndSetupDomain (607ms)
		LoadAssemblies (451ms)
		RebuildTransferFunctionScriptingTraits (0ms)
		AnalyzeDomain (264ms)
			TypeCache.Refresh (230ms)
				TypeCache.ScanAssembly (212ms)
			ScanForSourceGeneratedMonoScriptInfo (25ms)
			ResolveRequiredComponents (5ms)
	FinalizeReload (1407ms)
		ReleaseScriptCaches (0ms)
		RebuildScriptCaches (0ms)
		SetupLoadedEditorAssemblies (1096ms)
			LogAssemblyErrors (0ms)
			InitializePlatformSupportModulesInManaged (12ms)
			SetLoadedEditorAssemblies (5ms)
			RefreshPlugins (0ms)
			BeforeProcessingInitializeOnLoad (136ms)
			ProcessInitializeOnLoadAttributes (912ms)
			ProcessInitializeOnLoadMethodAttributes (26ms)
			AfterProcessingInitializeOnLoad (6ms)
			EditorAssembliesLoaded (0ms)
		ExecutionOrderSort2 (0ms)
		AwakeInstancesAfterBackupRestoration (8ms)
Launched and connected shader compiler UnityShaderCompiler.exe after 0.06 seconds
Refreshing native plugins compatible for Editor in 3.83 ms, found 3 plugins.
Preloading 0 native plugins for Editor in 0.00 ms.
Unloading 3728 Unused Serialized files (Serialized files now loaded: 0)
Unloading 40 unused Assets / (58.1 KB). Loaded Objects now: 4198.
Memory consumption went from 143.5 MB to 143.4 MB.
Total: 4.207400 ms (FindLiveObjects: 0.297000 ms CreateObjectMapping: 0.191100 ms MarkObjects: 3.569300 ms  DeleteObjects: 0.148600 ms)

AssetImportParameters requested are different than current active one (requested -> active):
  custom:container-demuxer-ogg: 62fdf1f143b41e24485cea50d1cbac27 -> 
  custom:video-codec-MediaFoundation-h265: 746d11721c4dcdbdad8f713fa42b33f4 -> 
  custom:video-decoder-ogg-theora: a1e56fd34408186e4bbccfd4996cb3dc -> 
  custom:framework-win-MediaFoundation: 216162199b28c13a410421893ffa2e32 -> 
  custom:CustomObjectIndexerAttribute: 6d391050e5a25f67b0a2c618074f2cd9 -> 
  custom:container-demuxer-webm: 4f35f7cbe854078d1ac9338744f61a02 -> 
  custom:container-muxer-webm: aa71ff27fc2769a1b78a27578f13a17b -> 
  custom:video-decoder-webm-vp8: 9c59270c3fd7afecdb556c50c9e8de78 -> 
  custom:SearchIndexIgnoredProperties: e643bd26f0fe6173181afceb89e7c659 -> 
  custom:AudioImporter_EditorPlatform: d09bf68614088b80899f8185d706f6e7 -> 
  custom:video-encoder-webm-vp8: eb34c28f22e8b96e1ab97ce403110664 -> 
  custom:audio-decoder-ogg-vorbis: bf7c407c2cedff20999df2af8eb42d56 -> 
  custom:audio-encoder-webm-vorbis: bf7c407c2cedff20999df2af8eb42d56 -> 
========================================================================
Received Prepare
Begin MonoManager ReloadAssembly
- Loaded All Assemblies, in  0.747 seconds
Refreshing native plugins compatible for Editor in 3.79 ms, found 3 plugins.
Native extension for UWP target not found
Native extension for WindowsStandalone target not found
[Package Manager] Server::EnsureServerProcessIsRunning -- launch failed, reason: Unity was launched with the -noUpm command-line argument
[Package Manager] UpmClient::Send -- Unable to send message (not connected to UPM process).
[Package Manager] Cannot connect to Unity Package Manager local server
Mono: successfully reloaded assembly
- Finished resetting the current domain, in  2.632 seconds
Domain Reload Profiling: 3375ms
	BeginReloadAssembly (266ms)
		ExecutionOrderSort (0ms)
		DisableScriptedObjects (9ms)
		BackupInstance (0ms)
		ReleaseScriptingObjects (0ms)
		CreateAndSetChildDomain (81ms)
	RebuildCommonClasses (65ms)
	RebuildNativeTypeToScriptingClass (19ms)
	initialDomainReloadingComplete (39ms)
	LoadAllAssembliesAndSetupDomain (354ms)
		LoadAssemblies (442ms)
		RebuildTransferFunctionScriptingTraits (0ms)
		AnalyzeDomain (36ms)
			TypeCache.Refresh (15ms)
				TypeCache.ScanAssembly (4ms)
			ScanForSourceGeneratedMonoScriptInfo (14ms)
			ResolveRequiredComponents (6ms)
	FinalizeReload (2632ms)
		ReleaseScriptCaches (0ms)
		RebuildScriptCaches (0ms)
		SetupLoadedEditorAssemblies (985ms)
			LogAssemblyErrors (0ms)
			InitializePlatformSupportModulesInManaged (9ms)
			SetLoadedEditorAssemblies (8ms)
			RefreshPlugins (0ms)
			BeforeProcessingInitializeOnLoad (112ms)
			ProcessInitializeOnLoadAttributes (816ms)
			ProcessInitializeOnLoadMethodAttributes (33ms)
			AfterProcessingInitializeOnLoad (6ms)
			EditorAssembliesLoaded (0ms)
		ExecutionOrderSort2 (0ms)
		AwakeInstancesAfterBackupRestoration (12ms)
Refreshing native plugins compatible for Editor in 7.28 ms, found 3 plugins.
Preloading 0 native plugins for Editor in 0.00 ms.
Unloading 3708 Unused Serialized files (Serialized files now loaded: 0)
Unloading 25 unused Assets / (31.7 KB). Loaded Objects now: 4201.
Memory consumption went from 140.1 MB to 140.1 MB.
Total: 7.194800 ms (FindLiveObjects: 0.489000 ms CreateObjectMapping: 0.291000 ms MarkObjects: 6.319500 ms  DeleteObjects: 0.093600 ms)

Prepare: number of updated asset objects reloaded= 0
AssetImportParameters requested are different than current active one (requested -> active):
  custom:container-demuxer-ogg: 62fdf1f143b41e24485cea50d1cbac27 -> 
  custom:video-codec-MediaFoundation-h265: 746d11721c4dcdbdad8f713fa42b33f4 -> 
  custom:video-decoder-ogg-theora: a1e56fd34408186e4bbccfd4996cb3dc -> 
  custom:framework-win-MediaFoundation: 216162199b28c13a410421893ffa2e32 -> 
  custom:CustomObjectIndexerAttribute: 6d391050e5a25f67b0a2c618074f2cd9 -> 
  custom:container-demuxer-webm: 4f35f7cbe854078d1ac9338744f61a02 -> 
  custom:container-muxer-webm: aa71ff27fc2769a1b78a27578f13a17b -> 
  custom:video-decoder-webm-vp8: 9c59270c3fd7afecdb556c50c9e8de78 -> 
  custom:SearchIndexIgnoredProperties: e643bd26f0fe6173181afceb89e7c659 -> 
  custom:AudioImporter_EditorPlatform: d09bf68614088b80899f8185d706f6e7 -> 
  custom:video-encoder-webm-vp8: eb34c28f22e8b96e1ab97ce403110664 -> 
  custom:audio-decoder-ogg-vorbis: bf7c407c2cedff20999df2af8eb42d56 -> 
  custom:audio-encoder-webm-vorbis: bf7c407c2cedff20999df2af8eb42d56 -> 
========================================================================
Received Import Request.
  Time since last request: 462908.691879 seconds.
  path: Assets/Imports/Japanese School Modular Pack/Models/Materials/Floor_wood.mat
  artifactKey: Guid(6d07cfc812b8ed24f9b63921b3dc85b0) Importer(815301076,1909f56bfc062723c751e8b465ee728b)
Start importing Assets/Imports/Japanese School Modular Pack/Models/Materials/Floor_wood.mat using Guid(6d07cfc812b8ed24f9b63921b3dc85b0) Importer(815301076,1909f56bfc062723c751e8b465ee728b)  -> (artifact id: '5b66f293571836138b8065a6e5c07bed') in 0.245131 seconds
Number of updated asset objects reloaded before import = 0
Number of asset objects unloaded after import = 3
========================================================================
Received Import Request.
  Time since last request: 0.000034 seconds.
  path: Assets/Imports/Japanese School Modular Pack/Models/Materials/Glass.mat
  artifactKey: Guid(d6da8f671a9e9e54d8e9cc8f9d9aed59) Importer(815301076,1909f56bfc062723c751e8b465ee728b)
Start importing Assets/Imports/Japanese School Modular Pack/Models/Materials/Glass.mat using Guid(d6da8f671a9e9e54d8e9cc8f9d9aed59) Importer(815301076,1909f56bfc062723c751e8b465ee728b)  -> (artifact id: '137abb9b7cbc5181d24e17c795a65dbc') in 0.054000 seconds
Number of updated asset objects reloaded before import = 0
Number of asset objects unloaded after import = 1
========================================================================
Received Import Request.
  Time since last request: 0.000038 seconds.
  path: Assets/Imports/GleyPlugins/TrafficSystem/Graphics/Environment/Materials/TrafficLightPost/GreenLightOn.mat
  artifactKey: Guid(95939abf34d68e7499f45270dc4694b2) Importer(815301076,1909f56bfc062723c751e8b465ee728b)
Start importing Assets/Imports/GleyPlugins/TrafficSystem/Graphics/Environment/Materials/TrafficLightPost/GreenLightOn.mat using Guid(95939abf34d68e7499f45270dc4694b2) Importer(815301076,1909f56bfc062723c751e8b465ee728b)  -> (artifact id: '181a38c804ee74433df775de9493019d') in 0.125517 seconds
Number of updated asset objects reloaded before import = 0
Number of asset objects unloaded after import = 2
========================================================================
Received Import Request.
  Time since last request: 0.000375 seconds.
  path: Assets/Imports/airport/Materials/glass.mat
  artifactKey: Guid(58a43b414d5f83a4fbb9d237baf7ac48) Importer(815301076,1909f56bfc062723c751e8b465ee728b)
Start importing Assets/Imports/airport/Materials/glass.mat using Guid(58a43b414d5f83a4fbb9d237baf7ac48) Importer(815301076,1909f56bfc062723c751e8b465ee728b)  -> (artifact id: '7172fd4823a1865c3c80f17390bb3319') in 0.030103 seconds
Number of updated asset objects reloaded before import = 0
Number of asset objects unloaded after import = 1
========================================================================
Received Import Request.
  Time since last request: 0.000152 seconds.
  path: Assets/Imports/Japanese School Modular Pack/Models/Materials/HallwayFloor.mat
  artifactKey: Guid(81fc0e4cb5f811d4bb34d6e022409747) Importer(815301076,1909f56bfc062723c751e8b465ee728b)
Start importing Assets/Imports/Japanese School Modular Pack/Models/Materials/HallwayFloor.mat using Guid(81fc0e4cb5f811d4bb34d6e022409747) Importer(815301076,1909f56bfc062723c751e8b465ee728b)  -> (artifact id: '6cba867a7c0f6805efb9773ddb1ee355') in 0.039534 seconds
Number of updated asset objects reloaded before import = 0
Number of asset objects unloaded after import = 1
========================================================================
Received Import Request.
  Time since last request: 0.000028 seconds.
  path: Assets/Imports/GleyPlugins/TrafficSystem/Graphics/Environment/Materials/Ground/Ground.mat
  artifactKey: Guid(0ec32d46351fd4c45826b4e22e057f15) Importer(815301076,1909f56bfc062723c751e8b465ee728b)
Start importing Assets/Imports/GleyPlugins/TrafficSystem/Graphics/Environment/Materials/Ground/Ground.mat using Guid(0ec32d46351fd4c45826b4e22e057f15) Importer(815301076,1909f56bfc062723c751e8b465ee728b)  -> (artifact id: '06d290682edd2e8fdaf9df67534e5f7e') in 0.082697 seconds
Number of updated asset objects reloaded before import = 0
Number of asset objects unloaded after import = 2
========================================================================
Received Import Request.
  Time since last request: 0.000035 seconds.
  path: Assets/Imports/SimplePoly City - Low Poly Assets/Materials/Props_BillBoard_small.mat
  artifactKey: Guid(dcbee53a8041c594aaf20d616c6ed33a) Importer(815301076,1909f56bfc062723c751e8b465ee728b)
Start importing Assets/Imports/SimplePoly City - Low Poly Assets/Materials/Props_BillBoard_small.mat using Guid(dcbee53a8041c594aaf20d616c6ed33a) Importer(815301076,1909f56bfc062723c751e8b465ee728b)  -> (artifact id: '27a4398ab14f8eb313b5071b82f714e8') in 0.043763 seconds
Number of updated asset objects reloaded before import = 0
Number of asset objects unloaded after import = 2
========================================================================
Received Import Request.
  Time since last request: 0.000035 seconds.
  path: Assets/Imports/Japanese School Modular Pack/Models/Materials/No Name.mat
  artifactKey: Guid(995c942330f0ad74fabd90ea07ae03b1) Importer(815301076,1909f56bfc062723c751e8b465ee728b)
Start importing Assets/Imports/Japanese School Modular Pack/Models/Materials/No Name.mat using Guid(995c942330f0ad74fabd90ea07ae03b1) Importer(815301076,1909f56bfc062723c751e8b465ee728b)  -> (artifact id: '5cfd4ee9fbf4166f151e0335d3449a37') in 0.029704 seconds
Number of updated asset objects reloaded before import = 0
Number of asset objects unloaded after import = 1
========================================================================
Received Import Request.
  Time since last request: 0.000113 seconds.
  path: Assets/Imports/GleyPlugins/TrafficSystem/Graphics/Environment/Materials/TrafficLightPost/RedLightOn.mat
  artifactKey: Guid(90dcf6f4f234ba0449b790d5039785a0) Importer(815301076,1909f56bfc062723c751e8b465ee728b)
Start importing Assets/Imports/GleyPlugins/TrafficSystem/Graphics/Environment/Materials/TrafficLightPost/RedLightOn.mat using Guid(90dcf6f4f234ba0449b790d5039785a0) Importer(815301076,1909f56bfc062723c751e8b465ee728b)  -> (artifact id: '3fcf5468b719fcb9de4ccde23fe9364a') in 0.031819 seconds
Number of updated asset objects reloaded before import = 0
Number of asset objects unloaded after import = 2
========================================================================
Received Import Request.
  Time since last request: 0.000023 seconds.
  path: Assets/Imports/GleyPlugins/TrafficSystem/Graphics/Environment/Materials/Roads/RoadAtlas02.mat
  artifactKey: Guid(74f2a843224d36d4fac2e66fcb18d24d) Importer(815301076,1909f56bfc062723c751e8b465ee728b)
Start importing Assets/Imports/GleyPlugins/TrafficSystem/Graphics/Environment/Materials/Roads/RoadAtlas02.mat using Guid(74f2a843224d36d4fac2e66fcb18d24d) Importer(815301076,1909f56bfc062723c751e8b465ee728b)  -> (artifact id: '3a7980c8d27a0bc8e3aeb0c5e7df385a') in 0.051599 seconds
Number of updated asset objects reloaded before import = 0
Number of asset objects unloaded after import = 2
========================================================================
Received Import Request.
  Time since last request: 0.000028 seconds.
  path: Assets/Imports/airport/DemoScene/0/sky.mat
  artifactKey: Guid(bf58e67cb1b07f84ba68bd33c079253e) Importer(815301076,1909f56bfc062723c751e8b465ee728b)
Start importing Assets/Imports/airport/DemoScene/0/sky.mat using Guid(bf58e67cb1b07f84ba68bd33c079253e) Importer(815301076,1909f56bfc062723c751e8b465ee728b)  -> (artifact id: '63e5fa10c6443bcfd965c50f5a51fa79') in 0.172745 seconds
Number of updated asset objects reloaded before import = 0
Number of asset objects unloaded after import = 1
========================================================================
Received Import Request.
  Time since last request: 0.000026 seconds.
  path: Assets/Imports/airport/Materials/T_road_5.mat
  artifactKey: Guid(b76e11a8ff6765d47aa68cba678479bc) Importer(815301076,1909f56bfc062723c751e8b465ee728b)
Start importing Assets/Imports/airport/Materials/T_road_5.mat using Guid(b76e11a8ff6765d47aa68cba678479bc) Importer(815301076,1909f56bfc062723c751e8b465ee728b)  -> (artifact id: 'e48995803b08503a9c516d360dacbd88') in 0.049271 seconds
Number of updated asset objects reloaded before import = 0
Number of asset objects unloaded after import = 2
========================================================================
Received Import Request.
  Time since last request: 0.000035 seconds.
  path: Assets/Imports/airport/Materials/T_road_4.mat
  artifactKey: Guid(7a6e3bdff021dcd4a80321b42f2a7e8f) Importer(815301076,1909f56bfc062723c751e8b465ee728b)
Start importing Assets/Imports/airport/Materials/T_road_4.mat using Guid(7a6e3bdff021dcd4a80321b42f2a7e8f) Importer(815301076,1909f56bfc062723c751e8b465ee728b)  -> (artifact id: '7bb356512500e0ef7fc2438ec0d6b009') in 0.039268 seconds
Number of updated asset objects reloaded before import = 0
Number of asset objects unloaded after import = 2
========================================================================
Received Import Request.
  Time since last request: 0.000028 seconds.
  path: Assets/Imports/airport/Materials/T_road.mat
  artifactKey: Guid(f7ba837bacdce3e419e6cf976fd40042) Importer(815301076,1909f56bfc062723c751e8b465ee728b)
Start importing Assets/Imports/airport/Materials/T_road.mat using Guid(f7ba837bacdce3e419e6cf976fd40042) Importer(815301076,1909f56bfc062723c751e8b465ee728b)  -> (artifact id: '2acde316485f4e91ef71a2e4472c7363') in 0.037821 seconds
Number of updated asset objects reloaded before import = 0
Number of asset objects unloaded after import = 2
========================================================================
Received Import Request.
  Time since last request: 0.000027 seconds.
  path: Assets/Imports/SimplePoly City - Low Poly Assets/Materials/Props_RoofProps.mat
  artifactKey: Guid(9e031cf10ecdeb64486f21e9f55ffcfd) Importer(815301076,1909f56bfc062723c751e8b465ee728b)
Start importing Assets/Imports/SimplePoly City - Low Poly Assets/Materials/Props_RoofProps.mat using Guid(9e031cf10ecdeb64486f21e9f55ffcfd) Importer(815301076,1909f56bfc062723c751e8b465ee728b)  -> (artifact id: '9c49d328a4d30100002feb28fc2a3ca1') in 0.041728 seconds
Number of updated asset objects reloaded before import = 0
Number of asset objects unloaded after import = 2
========================================================================
Received Import Request.
  Time since last request: 0.000023 seconds.
  path: Assets/Imports/SimplePoly City - Low Poly Assets/Materials/Vehicle_Bus_color02.mat
  artifactKey: Guid(1ff3955181d667949a055e4e15ec3e8a) Importer(815301076,1909f56bfc062723c751e8b465ee728b)
Start importing Assets/Imports/SimplePoly City - Low Poly Assets/Materials/Vehicle_Bus_color02.mat using Guid(1ff3955181d667949a055e4e15ec3e8a) Importer(815301076,1909f56bfc062723c751e8b465ee728b)  -> (artifact id: '6d8838433ab94ba38bea915afd4592d6') in 0.050376 seconds
Number of updated asset objects reloaded before import = 0
Number of asset objects unloaded after import = 2
========================================================================
Received Import Request.
  Time since last request: 0.000025 seconds.
  path: Assets/Imports/SimplePoly City - Low Poly Assets/Materials/Vehicle_Bus_color01.mat
  artifactKey: Guid(2851e6469fffc7640a0b1333a9b2519f) Importer(815301076,1909f56bfc062723c751e8b465ee728b)
Start importing Assets/Imports/SimplePoly City - Low Poly Assets/Materials/Vehicle_Bus_color01.mat using Guid(2851e6469fffc7640a0b1333a9b2519f) Importer(815301076,1909f56bfc062723c751e8b465ee728b)  -> (artifact id: '45a811acce7ae8f42c18b8d4ed77ee95') in 0.054886 seconds
Number of updated asset objects reloaded before import = 0
Number of asset objects unloaded after import = 2
========================================================================
Received Import Request.
  Time since last request: 0.000037 seconds.
  path: Assets/Imports/GleyPlugins/TrafficSystem/Graphics/Environment/Materials/TrafficLightPost/RedLightOff.mat
  artifactKey: Guid(1fa952b460ccfac4d95bc0ca88dcc00c) Importer(815301076,1909f56bfc062723c751e8b465ee728b)
Start importing Assets/Imports/GleyPlugins/TrafficSystem/Graphics/Environment/Materials/TrafficLightPost/RedLightOff.mat using Guid(1fa952b460ccfac4d95bc0ca88dcc00c) Importer(815301076,1909f56bfc062723c751e8b465ee728b)  -> (artifact id: '567d05fee47c3efc0b326843e9940b76') in 0.075388 seconds
Number of updated asset objects reloaded before import = 0
Number of asset objects unloaded after import = 2
========================================================================
Received Import Request.
  Time since last request: 0.000046 seconds.
  path: Assets/Imports/SimplePoly City - Low Poly Assets/Materials/Vehicle_Truck_color01.mat
  artifactKey: Guid(8d937782c962a9044a28c21514c73ffb) Importer(815301076,1909f56bfc062723c751e8b465ee728b)
Start importing Assets/Imports/SimplePoly City - Low Poly Assets/Materials/Vehicle_Truck_color01.mat using Guid(8d937782c962a9044a28c21514c73ffb) Importer(815301076,1909f56bfc062723c751e8b465ee728b)  -> (artifact id: '0701524ff7b133e026b1a721c07a3f9f') in 0.055318 seconds
Number of updated asset objects reloaded before import = 0
Number of asset objects unloaded after import = 2
========================================================================
Received Import Request.
  Time since last request: 0.000024 seconds.
  path: Assets/Imports/SimplePoly City - Low Poly Assets/Materials/Vehicle_SUV_color03.mat
  artifactKey: Guid(66866c7f5319a2d4ab19d87f65b08692) Importer(815301076,1909f56bfc062723c751e8b465ee728b)
Start importing Assets/Imports/SimplePoly City - Low Poly Assets/Materials/Vehicle_SUV_color03.mat using Guid(66866c7f5319a2d4ab19d87f65b08692) Importer(815301076,1909f56bfc062723c751e8b465ee728b)  -> (artifact id: '61c62884dbe8e29eb1add841104c64a5') in 0.053034 seconds
Number of updated asset objects reloaded before import = 0
Number of asset objects unloaded after import = 2
========================================================================
Received Import Request.
  Time since last request: 0.000023 seconds.
  path: Assets/Imports/SimplePoly City - Low Poly Assets/Materials/Vehicle_Truck_color03.mat
  artifactKey: Guid(7e719e1ad4449a2489e25a6f4d6e8019) Importer(815301076,1909f56bfc062723c751e8b465ee728b)
Start importing Assets/Imports/SimplePoly City - Low Poly Assets/Materials/Vehicle_Truck_color03.mat using Guid(7e719e1ad4449a2489e25a6f4d6e8019) Importer(815301076,1909f56bfc062723c751e8b465ee728b)  -> (artifact id: '93d9376a812b6651a39cc2ae98acedfa') in 0.047601 seconds
Number of updated asset objects reloaded before import = 0
Number of asset objects unloaded after import = 2
========================================================================
Received Import Request.
  Time since last request: 0.000019 seconds.
  path: Assets/Imports/SimplePoly City - Low Poly Assets/Materials/Vehicle_SUV_color01.mat
  artifactKey: Guid(c0172b2eebb55f74bbb355a1b1fe0557) Importer(815301076,1909f56bfc062723c751e8b465ee728b)
Start importing Assets/Imports/SimplePoly City - Low Poly Assets/Materials/Vehicle_SUV_color01.mat using Guid(c0172b2eebb55f74bbb355a1b1fe0557) Importer(815301076,1909f56bfc062723c751e8b465ee728b)  -> (artifact id: '7cdb8f7041e5856debd21f5101ebd5c5') in 0.052908 seconds
Number of updated asset objects reloaded before import = 0
Number of asset objects unloaded after import = 2
========================================================================
Received Import Request.
  Time since last request: 0.000044 seconds.
  path: Assets/Imports/Japanese School Modular Pack/Models/Materials/Trim_metal.mat
  artifactKey: Guid(6d9a85ce524ec5a43a51b2c6e367a696) Importer(815301076,1909f56bfc062723c751e8b465ee728b)
Start importing Assets/Imports/Japanese School Modular Pack/Models/Materials/Trim_metal.mat using Guid(6d9a85ce524ec5a43a51b2c6e367a696) Importer(815301076,1909f56bfc062723c751e8b465ee728b)  -> (artifact id: '58efa710a4737b846f9c0e90040ef3b1') in 0.039074 seconds
Number of updated asset objects reloaded before import = 0
Number of asset objects unloaded after import = 2
========================================================================
Received Import Request.
  Time since last request: 0.000050 seconds.
  path: Assets/Imports/Japanese School Modular Pack/Models/Materials/RoomSign.mat
  artifactKey: Guid(0a880d4d03b55bd478f35702e7c1ce93) Importer(815301076,1909f56bfc062723c751e8b465ee728b)
Start importing Assets/Imports/Japanese School Modular Pack/Models/Materials/RoomSign.mat using Guid(0a880d4d03b55bd478f35702e7c1ce93) Importer(815301076,1909f56bfc062723c751e8b465ee728b)  -> (artifact id: '8632604dcf0152b5a702018f190a2a13') in 0.111839 seconds
Number of updated asset objects reloaded before import = 0
Number of asset objects unloaded after import = 4
========================================================================
Received Import Request.
  Time since last request: 0.000027 seconds.
  path: Assets/Imports/GleyPlugins/TrafficSystem/Graphics/Vehicle/Materials/SmallSedanPaintYellow1.mat
  artifactKey: Guid(4769175574b38a74c90638275c130a75) Importer(815301076,1909f56bfc062723c751e8b465ee728b)
Start importing Assets/Imports/GleyPlugins/TrafficSystem/Graphics/Vehicle/Materials/SmallSedanPaintYellow1.mat using Guid(4769175574b38a74c90638275c130a75) Importer(815301076,1909f56bfc062723c751e8b465ee728b)  -> (artifact id: '1034124ff114209b1dcb60b039dc2d41') in 0.051685 seconds
Number of updated asset objects reloaded before import = 0
Number of asset objects unloaded after import = 3
========================================================================
Received Import Request.
  Time since last request: 0.000040 seconds.
  path: Assets/Imports/SimplePoly City - Low Poly Assets/Materials/Vehicle_Car_color02.mat
  artifactKey: Guid(444598fdbae3357408ac7daa0fd9eabe) Importer(815301076,1909f56bfc062723c751e8b465ee728b)
Start importing Assets/Imports/SimplePoly City - Low Poly Assets/Materials/Vehicle_Car_color02.mat using Guid(444598fdbae3357408ac7daa0fd9eabe) Importer(815301076,1909f56bfc062723c751e8b465ee728b)  -> (artifact id: '93d30782efcaeaa3d278e96d1c8fd2bd') in 0.053328 seconds
Number of updated asset objects reloaded before import = 0
Number of asset objects unloaded after import = 2
========================================================================
Received Import Request.
  Time since last request: 0.000051 seconds.
  path: Assets/Imports/SimplePoly City - Low Poly Assets/Materials/Vehicle_Container_color03.mat
  artifactKey: Guid(5e29c495f3970b64f9d09ce50f034ed4) Importer(815301076,1909f56bfc062723c751e8b465ee728b)
Start importing Assets/Imports/SimplePoly City - Low Poly Assets/Materials/Vehicle_Container_color03.mat using Guid(5e29c495f3970b64f9d09ce50f034ed4) Importer(815301076,1909f56bfc062723c751e8b465ee728b)  -> (artifact id: '53aea5e1135226c7509cbf13c3ea80b8') in 0.053837 seconds
Number of updated asset objects reloaded before import = 0
Number of asset objects unloaded after import = 2
========================================================================
Received Import Request.
  Time since last request: 0.000045 seconds.
  path: Assets/Imports/SimplePoly City - Low Poly Assets/Materials/Vehicle_Pick up Truck_color03.mat
  artifactKey: Guid(f3d0a94161d16b9449517d5d8f357098) Importer(815301076,1909f56bfc062723c751e8b465ee728b)
Start importing Assets/Imports/SimplePoly City - Low Poly Assets/Materials/Vehicle_Pick up Truck_color03.mat using Guid(f3d0a94161d16b9449517d5d8f357098) Importer(815301076,1909f56bfc062723c751e8b465ee728b)  -> (artifact id: '8fc33869f8ebc5540eabc3212b7e3a42') in 0.050936 seconds
Number of updated asset objects reloaded before import = 0
Number of asset objects unloaded after import = 2
========================================================================
Received Import Request.
  Time since last request: 0.000024 seconds.
  path: Assets/Imports/GleyPlugins/TrafficSystem/Graphics/Vehicle/Materials/SmallSedanPaintRed.mat
  artifactKey: Guid(b4c08cc8034ee3e4791b70960a1c22da) Importer(815301076,1909f56bfc062723c751e8b465ee728b)
Start importing Assets/Imports/GleyPlugins/TrafficSystem/Graphics/Vehicle/Materials/SmallSedanPaintRed.mat using Guid(b4c08cc8034ee3e4791b70960a1c22da) Importer(815301076,1909f56bfc062723c751e8b465ee728b)  -> (artifact id: '1f4fba08ba1cb2feb15b14aba8a8b1c4') in 0.050804 seconds
Number of updated asset objects reloaded before import = 0
Number of asset objects unloaded after import = 3
========================================================================
Received Import Request.
  Time since last request: 0.000024 seconds.
  path: Assets/Imports/SimplePoly City - Low Poly Assets/Materials/Vehicle_Pick up Truck_color02.mat
  artifactKey: Guid(94d51beb0fcd7044885fa789ac899eb1) Importer(815301076,1909f56bfc062723c751e8b465ee728b)
Start importing Assets/Imports/SimplePoly City - Low Poly Assets/Materials/Vehicle_Pick up Truck_color02.mat using Guid(94d51beb0fcd7044885fa789ac899eb1) Importer(815301076,1909f56bfc062723c751e8b465ee728b)  -> (artifact id: '4616b7e5b303f9d9ebd181e4293e987b') in 0.049438 seconds
Number of updated asset objects reloaded before import = 0
Number of asset objects unloaded after import = 2
========================================================================
Received Import Request.
  Time since last request: 0.000663 seconds.
  path: Assets/Imports/airport/Materials/T_.mat
  artifactKey: Guid(9312ddcda6716834b953bec17e6af5b3) Importer(815301076,1909f56bfc062723c751e8b465ee728b)
Start importing Assets/Imports/airport/Materials/T_.mat using Guid(9312ddcda6716834b953bec17e6af5b3) Importer(815301076,1909f56bfc062723c751e8b465ee728b)  -> (artifact id: '80d40d477f0f2e0463ef6fa9bacad677') in 0.080643 seconds
Number of updated asset objects reloaded before import = 0
Number of asset objects unloaded after import = 2
========================================================================
Received Import Request.
  Time since last request: 0.000137 seconds.
  path: Assets/Imports/GleyPlugins/TrafficSystem/Graphics/Vehicle/Materials/SmallSedanPaintGreen1.mat
  artifactKey: Guid(6f7a842d3f8799844b7644583d474853) Importer(815301076,1909f56bfc062723c751e8b465ee728b)
Start importing Assets/Imports/GleyPlugins/TrafficSystem/Graphics/Vehicle/Materials/SmallSedanPaintGreen1.mat using Guid(6f7a842d3f8799844b7644583d474853) Importer(815301076,1909f56bfc062723c751e8b465ee728b)  -> (artifact id: '688eeead5be09f91d925e408c816d49d') in 0.045464 seconds
Number of updated asset objects reloaded before import = 0
Number of asset objects unloaded after import = 3
========================================================================
Received Import Request.
  Time since last request: 0.000027 seconds.
  path: Assets/Imports/SimplePoly City - Low Poly Assets/Materials/Road.mat
  artifactKey: Guid(faa0cd7e7e1757945a22cce35d7069cd) Importer(815301076,1909f56bfc062723c751e8b465ee728b)
Start importing Assets/Imports/SimplePoly City - Low Poly Assets/Materials/Road.mat using Guid(faa0cd7e7e1757945a22cce35d7069cd) Importer(815301076,1909f56bfc062723c751e8b465ee728b)  -> (artifact id: 'b969253e437c6bd21068b6b9ace10ee9') in 0.044810 seconds
Number of updated asset objects reloaded before import = 0
Number of asset objects unloaded after import = 2
========================================================================
Received Import Request.
  Time since last request: 0.000028 seconds.
  path: Assets/Imports/GleyPlugins/TrafficSystem/Graphics/Environment/Materials/Sky/Skybox.mat
  artifactKey: Guid(53871a9bab4dc3b419bbc34a3b9c476d) Importer(815301076,1909f56bfc062723c751e8b465ee728b)
Start importing Assets/Imports/GleyPlugins/TrafficSystem/Graphics/Environment/Materials/Sky/Skybox.mat using Guid(53871a9bab4dc3b419bbc34a3b9c476d) Importer(815301076,1909f56bfc062723c751e8b465ee728b)  -> (artifact id: '47337f6ae2d16f95f243b646d8a8d60d') in 0.039194 seconds
Number of updated asset objects reloaded before import = 0
Number of asset objects unloaded after import = 1
========================================================================
Received Import Request.
  Time since last request: 0.000029 seconds.
  path: Assets/Imports/airport/Materials/T_road_1.mat
  artifactKey: Guid(7da7870c851ce69499cab3edcf9ec6cf) Importer(815301076,1909f56bfc062723c751e8b465ee728b)
Start importing Assets/Imports/airport/Materials/T_road_1.mat using Guid(7da7870c851ce69499cab3edcf9ec6cf) Importer(815301076,1909f56bfc062723c751e8b465ee728b)  -> (artifact id: '04b181c05826ba0ba0572fab5a5d10cb') in 0.048461 seconds
Number of updated asset objects reloaded before import = 0
Number of asset objects unloaded after import = 2
========================================================================
Received Import Request.
  Time since last request: 0.000021 seconds.
  path: Assets/Imports/Japanese School Modular Pack/Models/Materials/Trim.mat
  artifactKey: Guid(41f1a610675a0cf44ba35b154b5d6e69) Importer(815301076,1909f56bfc062723c751e8b465ee728b)
Start importing Assets/Imports/Japanese School Modular Pack/Models/Materials/Trim.mat using Guid(41f1a610675a0cf44ba35b154b5d6e69) Importer(815301076,1909f56bfc062723c751e8b465ee728b)  -> (artifact id: '6f4bb5c272ec1bb751c29fca5beecb38') in 0.053145 seconds
Number of updated asset objects reloaded before import = 0
Number of asset objects unloaded after import = 3
========================================================================
Received Import Request.
  Time since last request: 0.000026 seconds.
  path: Assets/Imports/SimplePoly City - Low Poly Assets/Materials/Vehicle_Taxi.mat
  artifactKey: Guid(24c20333a6b79874298a79151051f9fa) Importer(815301076,1909f56bfc062723c751e8b465ee728b)
Start importing Assets/Imports/SimplePoly City - Low Poly Assets/Materials/Vehicle_Taxi.mat using Guid(24c20333a6b79874298a79151051f9fa) Importer(815301076,1909f56bfc062723c751e8b465ee728b)  -> (artifact id: 'fcd35ee61e5b27c3000a9169aa4282af') in 0.052110 seconds
Number of updated asset objects reloaded before import = 0
Number of asset objects unloaded after import = 2
========================================================================
Received Import Request.
  Time since last request: 0.000044 seconds.
  path: Assets/Imports/SimplePoly City - Low Poly Assets/Materials/Vehicle_Car_color03.mat
  artifactKey: Guid(37608e6988151a248951cdd1a93a59c5) Importer(815301076,1909f56bfc062723c751e8b465ee728b)
Start importing Assets/Imports/SimplePoly City - Low Poly Assets/Materials/Vehicle_Car_color03.mat using Guid(37608e6988151a248951cdd1a93a59c5) Importer(815301076,1909f56bfc062723c751e8b465ee728b)  -> (artifact id: '08fef12662160a843878606a37e3dc27') in 0.058706 seconds
Number of updated asset objects reloaded before import = 0
Number of asset objects unloaded after import = 2
========================================================================
Received Import Request.
  Time since last request: 0.000023 seconds.
  path: Assets/Imports/GleyPlugins/TrafficSystem/Graphics/Vehicle/Materials/SmallSedanLights.mat
  artifactKey: Guid(06f130fc51e20f143ab11b2608957099) Importer(815301076,1909f56bfc062723c751e8b465ee728b)
Start importing Assets/Imports/GleyPlugins/TrafficSystem/Graphics/Vehicle/Materials/SmallSedanLights.mat using Guid(06f130fc51e20f143ab11b2608957099) Importer(815301076,1909f56bfc062723c751e8b465ee728b)  -> (artifact id: '6b935eb52eb8d85a5971beab69518d7f') in 0.082706 seconds
Number of updated asset objects reloaded before import = 0
Number of asset objects unloaded after import = 2
========================================================================
Received Import Request.
  Time since last request: 0.000031 seconds.
  path: Assets/Imports/GleyPlugins/TrafficSystem/Graphics/Vehicle/Materials/SmallSedanPaintYellow2.mat
  artifactKey: Guid(2f7cc936ebfa28e4b89b9eca7437de9b) Importer(815301076,1909f56bfc062723c751e8b465ee728b)
Start importing Assets/Imports/GleyPlugins/TrafficSystem/Graphics/Vehicle/Materials/SmallSedanPaintYellow2.mat using Guid(2f7cc936ebfa28e4b89b9eca7437de9b) Importer(815301076,1909f56bfc062723c751e8b465ee728b)  -> (artifact id: '53acb80d7d97a20058ea2d2ec264d35d') in 0.048319 seconds
Number of updated asset objects reloaded before import = 0
Number of asset objects unloaded after import = 3
========================================================================
Received Import Request.
  Time since last request: 0.000032 seconds.
  path: Assets/Imports/GleyPlugins/TrafficSystem/Graphics/Environment/Materials/Roads/RoadAtlas03.mat
  artifactKey: Guid(08168eab149f8344a9d7a3da117da280) Importer(815301076,1909f56bfc062723c751e8b465ee728b)
Start importing Assets/Imports/GleyPlugins/TrafficSystem/Graphics/Environment/Materials/Roads/RoadAtlas03.mat using Guid(08168eab149f8344a9d7a3da117da280) Importer(815301076,1909f56bfc062723c751e8b465ee728b)  -> (artifact id: '593b843ff44e636105d8c144f3bc969e') in 0.057292 seconds
Number of updated asset objects reloaded before import = 0
Number of asset objects unloaded after import = 2
========================================================================
Received Import Request.
  Time since last request: 0.000042 seconds.
  path: Assets/Imports/SimplePoly City - Low Poly Assets/Materials/Vehicle_Car_color01.mat
  artifactKey: Guid(c55cd13c983151f488686d50353a716f) Importer(815301076,1909f56bfc062723c751e8b465ee728b)
Start importing Assets/Imports/SimplePoly City - Low Poly Assets/Materials/Vehicle_Car_color01.mat using Guid(c55cd13c983151f488686d50353a716f) Importer(815301076,1909f56bfc062723c751e8b465ee728b)  -> (artifact id: 'd73ba7008f03f62234cbcd7c3d24b3ca') in 0.061127 seconds
Number of updated asset objects reloaded before import = 0
Number of asset objects unloaded after import = 2
Editor requested this worker to shutdown with reason: Scaling down because of idle timeout
TcpMessagingSession - receive error: operation aborted. errorcode: 995, details: The I/O operation has been aborted because of either a thread exit or an application request.
AssetImportWorker is now disconnected from the server
Process exiting
Exiting without the bug reporter. Application will terminate with return code 0